[    0.000000] Initializing cgroup subsys cpuset
[    0.000000] Initializing cgroup subsys cpu
[    0.000000] Initializing cgroup subsys cpuacct
[    0.000000] Linux version 4.4.0-87-generic (buildd@lcy01-31) (gcc version 5.4.0 20160609 (Ubuntu 5.4.0-6ubuntu1~16.04.4) ) #110-Ubuntu SMP Tue Jul 18 12:55:35 UTC 2017 (Ubuntu 4.4.0-87.110-generic 4.4.73)
[    0.000000] Command line: BOOT_IMAGE=/boot/vmlinuz-4.4.0-87-generic root=LABEL=cloudimg-rootfs ro console=tty1 console=ttyS0
[    0.000000] KERNEL supported cpus:
[    0.000000]   Intel GenuineIntel
[    0.000000]   AMD AuthenticAMD
[    0.000000]   Centaur CentaurHauls
[    0.000000] x86/fpu: xstate_offset[2]:  576, xstate_sizes[2]:  256
[    0.000000] x86/fpu: Supporting XSAVE feature 0x01: 'x87 floating point registers'
[    0.000000] x86/fpu: Supporting XSAVE feature 0x02: 'SSE registers'
[    0.000000] x86/fpu: Supporting XSAVE feature 0x04: 'AVX registers'
[    0.000000] x86/fpu: Enabled xstate features 0x7, context size is 832 bytes, using 'standard' format.
[    0.000000] x86/fpu: Using 'lazy' FPU context switches.
[    0.000000] e820: BIOS-provided physical RAM map:
[    0.000000] BIOS-e820: [mem 0x0000000000000000-0x000000000009fbff] usable
[    0.000000] BIOS-e820: [mem 0x000000000009fc00-0x000000000009ffff] reserved
[    0.000000] BIOS-e820: [mem 0x00000000000f0000-0x00000000000fffff] reserved
[    0.000000] BIOS-e820: [mem 0x0000000000100000-0x000000003ffeffff] usable
[    0.000000] BIOS-e820: [mem 0x000000003fff0000-0x000000003fffffff] ACPI data
[    0.000000] BIOS-e820: [mem 0x00000000fec00000-0x00000000fec00fff] reserved
[    0.000000] BIOS-e820: [mem 0x00000000fee00000-0x00000000fee00fff] reserved
[    0.000000] BIOS-e820: [mem 0x00000000fffc0000-0x00000000ffffffff] reserved
[    0.000000] NX (Execute Disable) protection: active
[    0.000000] SMBIOS 2.5 present.
[    0.000000] Hypervisor detected: KVM
[    0.000000] e820: last_pfn = 0x3fff0 max_arch_pfn = 0x400000000
[    0.000000] MTRR: Disabled
[    0.000000] x86/PAT: MTRRs disabled, skipping PAT initialization too.
[    0.000000] x86/PAT: Configuration [0-7]: WB  WT  UC- UC  WB  WT  UC- UC  
[    0.000000] CPU MTRRs all blank - virtualized system.
[    0.000000] found SMP MP-table at [mem 0x0009fff0-0x0009ffff] mapped at [ffff88000009fff0]
[    0.000000] Scanning 1 areas for low memory corruption
[    0.000000] RAMDISK: [mem 0x36ac2000-0x37558fff]
[    0.000000] ACPI: Early table checksum verification disabled
[    0.000000] ACPI: RSDP 0x00000000000E0000 000024 (v02 VBOX  )
[    0.000000] ACPI: XSDT 0x000000003FFF0030 00003C (v01 VBOX   VBOXXSDT 00000001 ASL  00000061)
[    0.000000] ACPI: FACP 0x000000003FFF00F0 0000F4 (v04 VBOX   VBOXFACP 00000001 ASL  00000061)
[    0.000000] ACPI: DSDT 0x000000003FFF0470 0021C8 (v02 VBOX   VBOXBIOS 00000002 INTL 20100528)
[    0.000000] ACPI: FACS 0x000000003FFF0200 000040
[    0.000000] ACPI: FACS 0x000000003FFF0200 000040
[    0.000000] ACPI: APIC 0x000000003FFF0240 00005C (v02 VBOX   VBOXAPIC 00000001 ASL  00000061)
[    0.000000] ACPI: SSDT 0x000000003FFF02A0 0001CC (v01 VBOX   VBOXCPUT 00000002 INTL 20100528)
[    0.000000] No NUMA configuration found
[    0.000000] Faking a node at [mem 0x0000000000000000-0x000000003ffeffff]
[    0.000000] NODE_DATA(0) allocated [mem 0x3ffeb000-0x3ffeffff]
[    0.000000] kvm-clock: Using msrs 4b564d01 and 4b564d00
[    0.000000] kvm-clock: cpu 0, msr 0:3ffe3001, primary cpu clock
[    0.000000] kvm-clock: using sched offset of 17401736626 cycles
[    0.000000] clocksource: kvm-clock: mask: 0xffffffffffffffff max_cycles: 0x1cd42e4dffb, max_idle_ns: 881590591483 ns
[    0.000000] Zone ranges:
[    0.000000]   DMA      [mem 0x0000000000001000-0x0000000000ffffff]
[    0.000000]   DMA32    [mem 0x0000000001000000-0x000000003ffeffff]
[    0.000000]   Normal   empty
[    0.000000]   Device   empty
[    0.000000] Movable zone start for each node
[    0.000000] Early memory node ranges
[    0.000000]   node   0: [mem 0x0000000000001000-0x000000000009efff]
[    0.000000]   node   0: [mem 0x0000000000100000-0x000000003ffeffff]
[    0.000000] Initmem setup node 0 [mem 0x0000000000001000-0x000000003ffeffff]
[    0.000000] ACPI: PM-Timer IO Port: 0x4008
[    0.000000] IOAPIC[0]: apic_id 2, version 32, address 0xfec00000, GSI 0-23
[    0.000000] ACPI: INT_SRC_OVR (bus 0 bus_irq 0 global_irq 2 dfl dfl)
[    0.000000] ACPI: INT_SRC_OVR (bus 0 bus_irq 9 global_irq 9 high level)
[    0.000000] Using ACPI (MADT) for SMP configuration information
[    0.000000] smpboot: Allowing 2 CPUs, 0 hotplug CPUs
[    0.000000] PM: Registered nosave memory: [mem 0x00000000-0x00000fff]
[    0.000000] PM: Registered nosave memory: [mem 0x0009f000-0x0009ffff]
[    0.000000] PM: Registered nosave memory: [mem 0x000a0000-0x000effff]
[    0.000000] PM: Registered nosave memory: [mem 0x000f0000-0x000fffff]
[    0.000000] e820: [mem 0x40000000-0xfebfffff] available for PCI devices
[    0.000000] Booting paravirtualized kernel on KVM
[    0.000000] clocksource: refined-jiffies: mask: 0xffffffff max_cycles: 0xffffffff, max_idle_ns: 7645519600211568 ns
[    0.000000] setup_percpu: NR_CPUS:512 nr_cpumask_bits:512 nr_cpu_ids:2 nr_node_ids:1
[    0.000000] PERCPU: Embedded 33 pages/cpu @ffff88003fc00000 s98264 r8192 d28712 u1048576
[    0.000000] PV qspinlock hash table entries: 256 (order: 0, 4096 bytes)
[    0.000000] Built 1 zonelists in Node order, mobility grouping on.  Total pages: 257913
[    0.000000] Policy zone: DMA32
[    0.000000] Kernel command line: BOOT_IMAGE=/boot/vmlinuz-4.4.0-87-generic root=LABEL=cloudimg-rootfs ro console=tty1 console=ttyS0
[    0.000000] PID hash table entries: 4096 (order: 3, 32768 bytes)
[    0.000000] Memory: 1001732K/1048120K available (8474K kernel code, 1293K rwdata, 3984K rodata, 1488K init, 1316K bss, 46388K reserved, 0K cma-reserved)
[    0.000000] SLUB: HWalign=64, Order=0-3, MinObjects=0, CPUs=2, Nodes=1
[    0.000000] Hierarchical RCU implementation.
[    0.000000] 	Build-time adjustment of leaf fanout to 64.
[    0.000000] 	RCU restricting CPUs from NR_CPUS=512 to nr_cpu_ids=2.
[    0.000000] RCU: Adjusting geometry for rcu_fanout_leaf=64, nr_cpu_ids=2
[    0.000000] NR_IRQS:33024 nr_irqs:440 16
[    0.000000] Console: colour VGA+ 80x25
[    0.000000] console [tty1] enabled
[    0.000000] console [ttyS0] enabled
[    0.000000] tsc: Detected 2593.996 MHz processor
[    5.817024] Calibrating delay loop (skipped) preset value.. 5187.99 BogoMIPS (lpj=10375984)
[    5.896897] pid_max: default: 32768 minimum: 301
[    5.940007] ACPI: Core revision 20150930
[    5.981250] ACPI: 2 ACPI AML tables successfully acquired and loaded
[    6.044727] Security Framework initialized
[    6.084333] Yama: becoming mindful.
[    6.123201] AppArmor: AppArmor initialized
[    6.168407] Dentry cache hash table entries: 131072 (order: 8, 1048576 bytes)
[    6.238876] Inode-cache hash table entries: 65536 (order: 7, 524288 bytes)
[    6.309171] Mount-cache hash table entries: 2048 (order: 2, 16384 bytes)
[    6.382920] Mountpoint-cache hash table entries: 2048 (order: 2, 16384 bytes)
[    6.448956] Initializing cgroup subsys io
[    6.490491] Initializing cgroup subsys memory
[    6.543019] Initializing cgroup subsys devices
[    6.608965] Initializing cgroup subsys freezer
[    6.650384] Initializing cgroup subsys net_cls
[    6.695537] Initializing cgroup subsys perf_event
[    6.741679] Initializing cgroup subsys net_prio
[    6.783853] Initializing cgroup subsys hugetlb
[    6.824076] Initializing cgroup subsys pids
[    6.867171] CPU: Physical Processor ID: 0
[    6.905692] CPU: Processor Core ID: 0
[    6.946240] mce: CPU supports 0 MCE banks
[    6.987059] Last level iTLB entries: 4KB 1024, 2MB 1024, 4MB 1024
[    7.037613] Last level dTLB entries: 4KB 1024, 2MB 1024, 4MB 1024, 1GB 4
[    7.169105] Freeing SMP alternatives memory: 32K (ffffffff820b9000 - ffffffff820c1000)
[    7.516435] ftrace: allocating 32128 entries in 126 pages
[    8.663254] smpboot: APIC(0) Converting physical 0 to logical package 0
[    8.718616] smpboot: Max logical packages: 1
[    8.774300] x2apic enabled
[    8.816731] Switched APIC routing to physical x2apic.
[    8.913393] ..TIMER: vector=0x30 apic1=0 pin1=2 apic2=-1 pin2=-1
[    9.075926] smpboot: CPU0: Intel(R) Core(TM) i7-4510U CPU @ 2.00GHz (family: 0x6, model: 0x45, stepping: 0x1)
[    9.175753] Performance Events: unsupported p6 CPU model 69 no PMU driver, software events only.
[    9.266601] KVM setup paravirtual spinlock
[    9.307618] x86: Booting SMP configuration:
[    9.347691] .... node  #0, CPUs:      #1
[    9.389170] kvm-clock: cpu 1, msr 0:3ffe3041, secondary cpu clock
[    9.442880] mce: CPU supports 0 MCE banks
[    9.469721] x86: Booted up 1 node, 2 CPUs
[    9.534410] smpboot: Total of 2 processors activated (10375.98 BogoMIPS)
[    9.619035] devtmpfs: initialized
[    9.659157] evm: security.selinux
[    9.693925] evm: security.SMACK64
[    9.729873] evm: security.SMACK64EXEC
[    9.766735] evm: security.SMACK64TRANSMUTE
[    9.808537] evm: security.SMACK64MMAP
[    9.846634] evm: security.ima
[    9.879285] evm: security.capability
[    9.917928] clocksource: jiffies: mask: 0xffffffff max_cycles: 0xffffffff, max_idle_ns: 7645041785100000 ns
[   10.004183] futex hash table entries: 512 (order: 3, 32768 bytes)
[   10.060391] pinctrl core: initialized pinctrl subsystem
[   10.111484] RTC time:  7:11:57, date: 07/27/17
[   10.167248] NET: Registered protocol family 16
[   10.228393] cpuidle: using governor ladder
[   10.281623] cpuidle: using governor menu
[   10.321609] PCCT header not found.
[   10.359310] ACPI: bus type PCI registered
[   10.398396] acpiphp: ACPI Hot Plug PCI Controller Driver version: 0.5
[   10.456758] PCI: Using configuration type 1 for base access
[   10.547456] ACPI: Added _OSI(Module Device)
[   10.601249] ACPI: Added _OSI(Processor Device)
[   10.656333] ACPI: Added _OSI(3.0 _SCP Extensions)
[   10.715896] ACPI: Added _OSI(Processor Aggregator Device)
[   10.812876] ACPI: Executed 1 blocks of module-level executable AML code
[   10.937183] ACPI: Interpreter enabled
[   10.997124] ACPI: (supports S0 S5)
[   11.048832] ACPI: Using IOAPIC for interrupt routing
[   11.110090] PCI: Using host bridge windows from ACPI; if necessary, use "pci=nocrs" and report a bug
[   11.274222] ACPI: PCI Root Bridge [PCI0] (domain 0000 [bus 00-ff])
[   11.327772] acpi PNP0A03:00: _OSC: OS supports [ASPM ClockPM Segments MSI]
[   11.387370] acpi PNP0A03:00: _OSC failed (AE_NOT_FOUND); disabling ASPM
[   11.444515] acpi PNP0A03:00: fail to add MMCONFIG information, can't access extended PCI configuration space under this bridge.
[   11.549654] PCI host bridge to bus 0000:00
[   11.589453] pci_bus 0000:00: root bus resource [io  0x0000-0x0cf7 window]
[   11.646812] pci_bus 0000:00: root bus resource [io  0x0d00-0xffff window]
[   11.717449] pci_bus 0000:00: root bus resource [mem 0x000a0000-0x000bffff window]
[   11.800396] pci_bus 0000:00: root bus resource [mem 0x40000000-0xffdfffff window]
[   11.882188] pci_bus 0000:00: root bus resource [bus 00-ff]
[   12.021781] pci 0000:00:01.1: legacy IDE quirk: reg 0x10: [io  0x01f0-0x01f7]
[   12.085015] pci 0000:00:01.1: legacy IDE quirk: reg 0x14: [io  0x03f6]
[   12.144856] pci 0000:00:01.1: legacy IDE quirk: reg 0x18: [io  0x0170-0x0177]
[   12.209770] pci 0000:00:01.1: legacy IDE quirk: reg 0x1c: [io  0x0376]
[   12.612597] pci 0000:00:07.0: quirk: [io  0x4000-0x403f] claimed by PIIX4 ACPI
[   12.698232] pci 0000:00:07.0: quirk: [io  0x4100-0x410f] claimed by PIIX4 SMB
[   12.873413] ACPI: PCI Interrupt Link [LNKA] (IRQs 5 9 10 *11)
[   13.522752] ACPI: PCI Interrupt Link [LNKB] (IRQs 5 9 10 *11)
[   13.633056] ACPI: PCI Interrupt Link [LNKC] (IRQs 5 9 *10 11)
[   13.745291] ACPI: PCI Interrupt Link [LNKD] (IRQs 5 *9 10 11)
[   13.858438] ACPI: Enabled 2 GPEs in block 00 to 07
[   13.952652] vgaarb: setting as boot device: PCI:0000:00:02.0
[   14.028645] vgaarb: device added: PCI:0000:00:02.0,decodes=io+mem,owns=io+mem,locks=none
[   14.138839] vgaarb: loaded
[   14.193439] vgaarb: bridge control possible 0000:00:02.0
[   14.278150] SCSI subsystem initialized
[   14.334732] ACPI: bus type USB registered
[   14.393726] usbcore: registered new interface driver usbfs
[   14.469095] usbcore: registered new interface driver hub
[   14.542997] usbcore: registered new device driver usb
[   14.619480] PCI: Using ACPI for IRQ routing
[   14.696139] NetLabel: Initializing
[   14.751313] NetLabel:  domain hash size = 128
[   14.808467] NetLabel:  protocols = UNLABELED CIPSOv4
[   14.881823] NetLabel:  unlabeled traffic allowed by default
[   14.944752] amd_nb: Cannot enumerate AMD northbridges
[   14.997876] clocksource: Switched to clocksource kvm-clock
[   15.077040] AppArmor: AppArmor Filesystem Enabled
[   15.125405] pnp: PnP ACPI init
[   15.188230] pnp: PnP ACPI: found 3 devices
[   15.252664] clocksource: acpi_pm: mask: 0xffffff max_cycles: 0xffffff, max_idle_ns: 2085701024 ns
[   15.332404] NET: Registered protocol family 2
[   15.372637] TCP established hash table entries: 8192 (order: 4, 65536 bytes)
[   15.430081] TCP bind hash table entries: 8192 (order: 5, 131072 bytes)
[   15.483558] TCP: Hash tables configured (established 8192 bind 8192)
[   15.538454] UDP hash table entries: 512 (order: 2, 16384 bytes)
[   15.593129] UDP-Lite hash table entries: 512 (order: 2, 16384 bytes)
[   15.655820] NET: Registered protocol family 1
[   15.709190] pci 0000:00:00.0: Limiting direct PCI/PCI transfers
[   15.773259] pci 0000:00:01.0: Activating ISA DMA hang workarounds
[   15.838062] Unpacking initramfs...
[   22.172865] Freeing initrd memory: 10844K (ffff880036ac2000 - ffff880037559000)
[   22.240571] RAPL PMU detected, API unit is 2^-32 Joules, 4 fixed counters 10737418240 ms ovfl timer
[   22.320935] hw unit of domain pp0-core 2^-0 Joules
[   22.364748] hw unit of domain package 2^-0 Joules
[   22.409368] hw unit of domain dram 2^-0 Joules
[   22.451115] hw unit of domain pp1-gpu 2^-0 Joules
[   22.496655] platform rtc_cmos: registered platform RTC device (no PNP device found)
[   22.569170] Scanning for low memory corruption every 60 seconds
[   22.624710] audit: initializing netlink subsys (disabled)
[   22.673986] audit: type=2000 audit(1501139537.950:1): initialized
[   22.733227] Initialise system trusted keyring
[   22.779707] HugeTLB registered 2 MB page size, pre-allocated 0 pages
[   22.842908] zbud: loaded
[   22.873883] VFS: Disk quotas dquot_6.6.0
[   22.915293] VFS: Dquot-cache hash table entries: 512 (order 0, 4096 bytes)
[   22.974903] squashfs: version 4.0 (2009/01/31) Phillip Lougher
[   23.029921] fuse init (API version 7.23)
[   23.071647] Key type big_key registered
[   23.113665] Allocating IMA MOK and blacklist keyrings.
[   23.180970] Key type asymmetric registered
[   23.221057] Asymmetric key parser 'x509' registered
[   23.264894] Block layer SCSI generic (bsg) driver version 0.4 loaded (major 249)
[   23.335880] io scheduler noop registered
[   23.374721] io scheduler deadline registered (default)
[   23.420914] io scheduler cfq registered
[   23.460183] pci_hotplug: PCI Hot Plug PCI Core version: 0.5
[   23.514310] pciehp: PCI Express Hot Plug Controller Driver version: 0.4
[   23.571827] ACPI: AC Adapter [AC] (off-line)
[   23.615836] input: Power Button as /devices/LNXSYSTM:00/LNXPWRBN:00/input/input0
[   23.691939] ACPI: Power Button [PWRF]
[   23.730658] input: Sleep Button as /devices/LNXSYSTM:00/LNXSLPBN:00/input/input1
[   23.799030] ACPI: Sleep Button [SLPF]
[   23.837249] GHES: HEST is not enabled!
[   23.852345] ACPI: Battery Slot [BAT0] (battery present)
[   23.920440] Serial: 8250/16550 driver, 32 ports, IRQ sharing enabled
[   24.107454] 00:02: ttyS0 at I/O 0x3f8 (irq = 4, base_baud = 115200) is a 16550A
[   24.188426] Linux agpgart interface v0.103
[   24.247079] loop: module loaded
[   24.290176] scsi host0: ata_piix
[   24.325045] scsi host1: ata_piix
[   24.358068] ata1: PATA max UDMA/33 cmd 0x1f0 ctl 0x3f6 bmdma 0xd000 irq 14
[   24.413257] ata2: PATA max UDMA/33 cmd 0x170 ctl 0x376 bmdma 0xd008 irq 15
[   24.482934] libphy: Fixed MDIO Bus: probed
[   24.545699] tun: Universal TUN/TAP device driver, 1.6
[   24.597966] tun: (C) 1999-2004 Max Krasnyansky <maxk@qualcomm.com>
[   24.652769] PPP generic driver version 2.4.2
[   24.701495] ehci_hcd: USB 2.0 'Enhanced' Host Controller (EHCI) Driver
[   24.761494] ehci-pci: EHCI PCI platform driver
[   24.803612] ehci-platform: EHCI generic platform driver
[   24.853224] ohci_hcd: USB 1.1 'Open' Host Controller (OHCI) Driver
[   24.907685] ohci-pci: OHCI PCI platform driver
[   24.950719] ohci-platform: OHCI generic platform driver
[   24.995736] uhci_hcd: USB Universal Host Controller Interface driver
[   25.047372] i8042: PNP: PS/2 Controller [PNP0303:PS2K,PNP0f03:PS2M] at 0x60,0x64 irq 1,12
[   25.132512] serio: i8042 KBD port at 0x60,0x64 irq 1
[   25.178813] serio: i8042 AUX port at 0x60,0x64 irq 12
[   25.222978] mousedev: PS/2 mouse device common for all mice
[   25.304000] rtc_cmos rtc_cmos: rtc core: registered rtc_cmos as rtc0
[   25.373528] input: AT Translated Set 2 keyboard as /devices/platform/i8042/serio0/input/input2
[   25.452182] rtc_cmos rtc_cmos: alarms up to one day, 114 bytes nvram
[   25.506022] i2c /dev entries driver
[   25.543135] device-mapper: uevent: version 1.0.3
[   25.587306] device-mapper: ioctl: 4.34.0-ioctl (2015-10-28) initialised: dm-devel@redhat.com
[   25.665697] ledtrig-cpu: registered to indicate activity on CPUs
[   25.724798] NET: Registered protocol family 10
[   25.768082] NET: Registered protocol family 17
[   25.813789] Key type dns_resolver registered
[   25.855368] microcode: CPU0 sig=0x40651, pf=0x40, revision=0x0
[   25.912111] microcode: CPU1 sig=0x40651, pf=0x40, revision=0x0
[   25.962357] microcode: Microcode Update Driver: v2.01 <tigran@aivazian.fsnet.co.uk>, Peter Oruba
[   26.039096] registered taskstats version 1
[   26.077865] Loading compiled-in X.509 certificates
[   26.123584] Loaded X.509 cert 'Build time autogenerated kernel key: 713bc24ccc5bf0d11d706d6f5bf7187ed23f7b25'
[   26.208420] zswap: loaded using pool lzo/zbud
[   26.260811] Key type trusted registered
[   26.320702] Key type encrypted registered
[   26.359536] AppArmor: AppArmor sha1 policy hashing enabled
[   26.422737] ima: No TPM chip found, activating TPM-bypass!
[   26.488851] evm: HMAC attrs: 0x1
[   26.550872]   Magic number: 9:392:168
[   26.602903] rtc_cmos rtc_cmos: setting system clock to 2017-07-27 07:12:14 UTC (1501139534)
[   26.688005] BIOS EDD facility v0.16 2004-Jun-25, 0 devices found
[   26.749054] EDD information not available.
[   26.806588] Freeing unused kernel memory: 1488K (ffffffff81f45000 - ffffffff820b9000)
[   26.875800] Write protecting the kernel read-only data: 14336k
[   26.936218] Freeing unused kernel memory: 1756K (ffff880001849000 - ffff880001a00000)
[   27.019277] Freeing unused kernel memory: 112K (ffff880001de4000 - ffff880001e00000)
Loading, please wait...
starting version 229
[   27.184839] random: systemd-udevd: uninitialized urandom read (16 bytes read, 5 bits of entropy available)
[   27.186911] random: udevadm: uninitialized urandom read (16 bytes read, 5 bits of entropy available)
[   27.187225] random: udevadm: uninitialized urandom read (16 bytes read, 5 bits of entropy available)
[   27.187428] random: udevadm: uninitialized urandom read (16 bytes read, 5 bits of entropy available)
[   27.187495] random: udevadm: uninitialized urandom read (16 bytes read, 5 bits of entropy available)
[   27.187561] random: udevadm: uninitialized urandom read (16 bytes read, 5 bits of entropy available)
[   27.187626] random: udevadm: uninitialized urandom read (16 bytes read, 5 bits of entropy available)
[   27.187688] random: udevadm: uninitialized urandom read (16 bytes read, 5 bits of entropy available)
[   27.187747] random: udevadm: uninitialized urandom read (16 bytes read, 5 bits of entropy available)
[   27.187809] random: udevadm: uninitialized urandom read (16 bytes read, 5 bits of entropy available)
[   28.177078] Fusion MPT base driver 3.04.20
[   28.225976] Copyright (c) 1999-2008 LSI Corporation
[   28.310897] e1000: Intel(R) PRO/1000 Network Driver - version 7.3.21-k8-NAPI
[   28.374456] e1000: Copyright (c) 1999-2006 Intel Corporation.
[   28.607371] input: ImExPS/2 Generic Explorer Mouse as /devices/platform/i8042/serio1/input/input4
[   28.743903] AVX version of gcm_enc/dec engaged.
[   28.797000] AES CTR mode by8 optimization enabled
[   28.863734] Fusion MPT SPI Host driver 3.04.20
[   31.466996] floppy0: no floppy controllers found
[   32.396409] e1000 0000:00:03.0 eth0: (PCI:33MHz:32-bit) 02:df:35:49:a7:44
[   32.453343] e1000 0000:00:03.0 eth0: Intel(R) PRO/1000 Network Connection
[   32.548549] e1000 0000:00:03.0 enp0s3: renamed from eth0
[   32.552607] mptbase: ioc0: Initiating bringup
[   32.741482] ioc0: LSI53C1030 A0: Capabilities={Initiator}
[   33.011882] scsi host2: ioc0: LSI53C1030 A0, FwRev=00000000h, Ports=1, MaxQ=256, IRQ=20
[   33.202651] scsi 2:0:0:0: Direct-Access     VBOX     HARDDISK         1.0  PQ: 0 ANSI: 5
[   33.278275] scsi target2:0:0: Beginning Domain Validation
[   33.354111] scsi target2:0:0: Domain Validation skipping write tests
[   33.822818] scsi target2:0:0: Ending Domain Validation
[   33.870509] scsi target2:0:0: asynchronous
[   33.921170] scsi 2:0:1:0: Direct-Access     VBOX     HARDDISK         1.0  PQ: 0 ANSI: 5
[   33.992784] scsi target2:0:1: Beginning Domain Validation
[   34.078473] scsi target2:0:1: Domain Validation skipping write tests
[   34.129815] scsi target2:0:1: Ending Domain Validation
[   34.186198] scsi target2:0:1: asynchronous
[   34.325099] sd 2:0:0:0: Attached scsi generic sg0 type 0
[   34.327173] sd 2:0:0:0: [sda] 20971520 512-byte logical blocks: (10.7 GB/10.0 GiB)
[   34.328858] sd 2:0:0:0: [sda] Write Protect is off
[   34.330944] sd 2:0:0:0: [sda] Incomplete mode parameter data
[   34.330947] sd 2:0:0:0: [sda] Assuming drive cache: write through
[   34.414850]  sda: sda1
[   34.420633] sd 2:0:0:0: [sda] Attached SCSI disk
[   34.684290] sd 2:0:1:0: Attached scsi generic sg1 type 0
[   34.738303] sd 2:0:1:0: [sdb] 20480 512-byte logical blocks: (10.5 MB/10.0 MiB)
[   34.808953] sd 2:0:1:0: [sdb] Write Protect is off
[   34.853596] sd 2:0:1:0: [sdb] Incomplete mode parameter data
[   34.903481] sd 2:0:1:0: [sdb] Assuming drive cache: write through
[   35.011637] sd 2:0:1:0: [sdb] Attached SCSI disk
Begin: Loading essential drivers ... [   48.895415] md: linear personality registered for level -1
[   48.963051] md: multipath personality registered for level -4
[   49.032011] md: raid0 personality registered for level 0
[   49.099639] md: raid1 personality registered for level 1
[   49.249991] raid6: sse2x1   gen()  2953 MB/s
[   49.354319] raid6: sse2x1   xor()  2001 MB/s
[   49.462303] raid6: sse2x2   gen()  2705 MB/s
[   49.566366] raid6: sse2x2   xor()  2060 MB/s
[   49.674779] raid6: sse2x4   gen()  3528 MB/s
[   49.778400] raid6: sse2x4   xor()  2038 MB/s
[   49.826384] raid6: using algorithm sse2x4 gen() 3528 MB/s
[   49.879741] raid6: .... xor() 2038 MB/s, rmw enabled
[   49.924830] raid6: using ssse3x2 recovery algorithm
[   49.981441] xor: automatically using best checksumming function:
[   50.074735]    avx       :  7889.000 MB/sec
[   50.129283] async_tx: api initialized (async)
[   50.243734] md: raid6 personality registered for level 6
[   50.289972] md: raid5 personality registered for level 5
[   50.337495] md: raid4 personality registered for level 4
[   50.418874] md: raid10 personality registered for level 10
done.
Begin: Running /scripts/init-premount ... done.
Begin: Mounting root file system ... Begin: Running /scripts/local-top ... done.
Begin: Running /scripts/local-premount ... [   50.750871] Btrfs loaded
Scanning for Btrfs filesystems
done.
Warning: fsck not present, so skipping root file system
[   51.017392] EXT4-fs (sda1): INFO: recovery required on readonly filesystem
[   51.080394] EXT4-fs (sda1): write access will be enabled during recovery
[   52.166644] EXT4-fs (sda1): recovery complete
[   52.206885] random: nonblocking pool is initialized
[   52.249170] EXT4-fs (sda1): mounted filesystem with ordered data mode. Opts: (null)
done.
Begin: Running /scripts/local-bottom ... done.
Begin: Running /scripts/init-bottom ... done.
[   53.535806] systemd[1]: systemd 229 running in system mode. (+PAM +AUDIT +SELINUX +IMA +APPARMOR +SMACK +SYSVINIT +UTMP +LIBCRYPTSETUP +GCRYPT +GNUTLS +ACL +XZ -LZ4 +SECCOMP +BLKID +ELFUTILS +KMOD -IDN)
[   53.681377] systemd[1]: Detected virtualization oracle.
[   53.727012] systemd[1]: Detected architecture x86-64.

Welcome to [1mUbuntu 16.04.2 LTS[0m!

[   53.878917] systemd[1]: Set hostname to <ubuntu-xenial>.
[   55.200498] systemd[1]: Started Forward Password Requests to Wall Directory Watch.
[[0;32m  OK  [0m] Started Forward Password Requests to Wall Directory Watch.
[   55.341643] systemd[1]: Created slice System Slice.
[[0;32m  OK  [0m] Created slice System Slice.
[   55.454371] systemd[1]: Reached target Swap.
[[0;32m  OK  [0m] Reached target Swap.
[   55.560417] systemd[1]: Reached target User and Group Name Lookups.
[[0;32m  OK  [0m] Reached target User and Group Name Lookups.
[   55.687794] systemd[1]: Listening on udev Kernel Socket.
[[0;32m  OK  [0m] Listening on udev Kernel Socket.
[   55.795989] systemd[1]: Listening on LVM2 metadata daemon socket.
[[0;32m  OK  [0m] Listening on LVM2 metadata daemon socket.
[   55.917635] systemd[1]: Listening on udev Control Socket.
[[0;32m  OK  [0m] Listening on udev Control Socket.
[   56.028066] systemd[1]: Started Trigger resolvconf update for networkd DNS.
[[0;32m  OK  [0m] Started Trigger resolvconf update for networkd DNS.
[   56.157568] systemd[1]: Listening on Syslog Socket.
[[0;32m  OK  [0m] Listening on Syslog Socket.
[   56.261358] systemd[1]: Reached target Encrypted Volumes.
[[0;32m  OK  [0m] Reached target Encrypted Volumes.
[   56.370863] systemd[1]: Set up automount Arbitrary Executable File Formats File System Automount Point.
[[0;32m  OK  [0m] Set up automount Arbitrary Executab...ats File System Automount Point.
[   56.539567] systemd[1]: Listening on Journal Audit Socket.
[[0;32m  OK  [0m] Listening on Journal Audit Socket.
[   56.657561] systemd[1]: Created slice User and Session Slice.
[[0;32m  OK  [0m] Created slice User and Session Slice.
[   56.785101] systemd[1]: Reached target Slices.
[[0;32m  OK  [0m] Reached target Slices.
[   56.879538] systemd[1]: Listening on LVM2 poll daemon socket.
[[0;32m  OK  [0m] Listening on LVM2 poll daemon socket.
[   56.989130] systemd[1]: Listening on Device-mapper event daemon FIFOs.
[[0;32m  OK  [0m] Listening on Device-mapper event daemon FIFOs.
[   57.109731] systemd[1]: Listening on Journal Socket.
[[0;32m  OK  [0m] Listening on Journal Socket.
[   57.226961] systemd[1]: Starting Create list of required static device nodes for the current kernel...
         Starting Create list of required st... nodes for the current kernel...
[   57.373766] systemd[1]: Starting Set console keymap...
         Starting Set console keymap...
[   57.477489] systemd[1]: Mounting POSIX Message Queue File System...
         Mounting POSIX Message Queue File System...
[   57.595929] systemd[1]: Starting Remount Root and Kernel File Systems...
[   57.677754] EXT4-fs (sda1): re-mounted. Opts: (null)
         Starting Remount Root and Kernel File Systems...
[   57.810637] systemd[1]: Mounting Debug File System...
         Mounting Debug File System...
[   57.939132] systemd[1]: Starting Load Kernel Modules...
         Starting Load Kernel Modules...
[   58.046578] systemd[1]: Starting Nameserver information manager...
         Starting Nameserver information manager...
[   58.160822] Loading iSCSI transport class v2.0-870.
[   58.162668] systemd[1]: Starting Monitoring of LVM2 mirrors, snapshots etc. using dmeventd or progress polling...
         Starting Monitoring of LVM2 mirrors... dmeventd or progress polling...
[   58.390791] systemd[1]: Mounting Huge Pages File System...
         Mounting Huge Pages File System...
[   58.488669] systemd[1]: Listening on /dev/initctl Compatibility Named Pipe.
[   58.564647] iscsi: registered transport (tcp)
[[0;32m  OK  [0m] Listening on /dev/initctl Compatibility Named Pipe.
[   58.643844] systemd[1]: Listening on Journal Socket (/dev/log).
[[0;32m  OK  [0m] Listening on Journal Socket (/dev/log).
[   58.815322] systemd[1]: Starting Journal Service...
         Starting Journal Service...
[   58.943742] systemd[1]: Starting Uncomplicated firewall...
         Starting Uncomplicated firewall...
[   59.039058] systemd[1]: Created slice system-serial\x2dgetty.slice.
[[0;32m  OK  [0m] Created slice system-serial\x2dgetty.slice.
[   59.200933] systemd[1]: Mounted Huge Pages File System.
[[0;32m  OK  [0m] Mounted Huge Pages File System.
[   59.305747] systemd[1]: Mounted Debug File System.
[   59.364920] iscsi: registered transport (iser)
[[0;32m  OK  [0m] Mounted Debug File System.
[   59.433862] systemd[1]: Mounted POSIX Message Queue File System.
[[0;32m  OK  [0m] Mounted POSIX Message Queue File System.
[   59.542206] systemd[1]: Started Create list of required static device nodes for the current kernel.
[[0;32m  OK  [0m] Started Create list of required sta...ce nodes for the current kernel.
[   59.686989] systemd[1]: Started Set console keymap.
[[0;32m  OK  [0m] Started Set console keymap.
[   59.784835] systemd[1]: Started Remount Root and Kernel File Systems.
[[0;32m  OK  [0m] Started Remount Root and Kernel File Systems.
[   59.893230] systemd[1]: Started Load Kernel Modules.
[[0;32m  OK  [0m] Started Load Kernel Modules.
[   60.004674] systemd[1]: Started Uncomplicated firewall.
[[0;32m  OK  [0m] Started Uncomplicated firewall.
[   60.093451] systemd[1]: Started Nameserver information manager.
[[0;32m  OK  [0m] Started Nameserver information manager.
[   60.195754] systemd[1]: Started Journal Service.
[[0;32m  OK  [0m] Started Journal Service.
[[0;32m  OK  [0m] Started LVM2 metadata daemon.
         Starting Apply Kernel Variables...
         Mounting FUSE Control File System...
         Starting udev Coldplug all Devices...
         Starting Flush Journal to Persistent Storage...
         Starting Load/Save Random Seed...
         Starting Initial cloud-init job (pre-networking)...
         Starting Create Static Device Nodes in /dev...
[[0;32m  OK  [0m] Mounted FUSE Control File System.
[[0;32m  OK  [0m] Started Apply Kernel Variables.
[[0;32m  OK  [0m] Started Load/Save Random Seed.
[[0;32m  OK  [0m] Started udev Coldplug all Devices.
[[0;32m  OK  [0m] Started Create Static Device Nodes in /dev.
[[0;32m  OK  [0m] Started Monitoring of LVM2 mirrors,...ng dmeventd or progress polling.
[[0;32m  OK  [0m] Started Flush Journal to Persistent Storage.
         Starting udev Kernel Device Manager...
[[0;32m  OK  [0m] Started udev Kernel Device Manager.
[[0;32m  OK  [0m] Reached target Local File Systems (Pre).
[[0;32m  OK  [0m] Reached target Local File Systems.
         Starting Tell Plymouth To Write Out Runtime Data...
         Starting LSB: AppArmor initialization...
         Starting Create Volatile Files and Directories...
         Starting Set console font and keymap...
[[0;32m  OK  [0m] Started Dispatch Password Requests to Console Directory Watch.
[[0;32m  OK  [0m] Started Tell Plymouth To Write Out Runtime Data.
[[0;32m  OK  [0m] Found device /dev/ttyS0.
[[0;32m  OK  [0m] Found device 82540EM Gigabit Ethern...r (PRO/1000 MT Desktop Adapter).
[[0;32m  OK  [0m] Started Create Volatile Files and Directories.
[[0;32m  OK  [0m] Started LSB: AppArmor initialization.
[[0;32m  OK  [0m[   58.873000] cloud-init[460]: Cloud-init v. 0.7.9 running 'init-local' at Thu, 27 Jul 2017 07:12:56 +0000. Up 57.68 seconds.
] Listening on Load/Save RF Kill Switch Status /dev/rfkill Watch.
         Starting Update UTMP about System Boot/Shutdown...
[[0;32m  OK  [0m] Reached target System Time Synchronized.
[[0;32m  OK  [0m] Started Initial cloud-init job (pre-networking).
[[0;32m  OK  [0m] Reached target Network (Pre).
[[0;32m  OK  [0m] Started ifup for enp0s3.
         Starting Raise network interfaces...
[[0;32m  OK  [0m] Started Update UTMP about System Boot/Shutdown.
[[0;32m  OK  [0m] Started Set console font and keymap.
[[0;32m  OK  [0m] Created slice system-getty.slice.
[[0;32m  OK  [0m] Started Raise network interfaces.
         Starting Initial cloud-init job (metadata service crawler)...
[[0;32m  OK  [0m] Reached target Network.
[   93.534923] cloud-init[978]: Cloud-init v. 0.7.9 running 'init' at Thu, 27 Jul 2017 07:13:31 +0000. Up 92.29 seconds.
[   93.672829] cloud-init[[0;32m  OK  [0m] Started Initial cloud-init job (metadata service crawler).
[978]: ci-info: +++++++++++++++++++++++++++++++++++++Net device info++++++++++++++++++++++++++++++++++++++
[   93.820923] cloud-init[978]: ci-info: +--------+------+----------------------------+---------------+-------+-------------------+
[   93.910782] cloud-init[978]: ci-info: | Device |  Up  |          Address           |      Mask     | Scope |     Hw-Address    |
[   93.995165] cloud-init[978]: ci-info: +--------+------+----------------------------+---------------+-------+-------------------+
[   94.087025] cloud-init[978]: ci-info: |   lo   | True |         127.0.0.1          |   255.0.0.0   |   .   |         .         |
[   94.183724] cloud-init[978]: ci-info: |   lo   | True |          ::1/128           |       .       |  host |         .         |[[0;32m  OK  [0m] Reached target System Initialization.
[[0;32m  OK  [0m] Started Daily Cleanup of Temporary Directories.

         Starting LXD - unix socket.
[   94.353218] [[0;32m  OK  [0m] Started Daily apt activities.
         Starting Socket activation for snappy daemon.
[[0;32m  OK  [0m] Listening on ACPID Listen Socket.
[[0;32m  OK  [0m] Started Timer to automatically refresh installed snaps.
[[0;32m  OK  [0m] Reached target Timers.
cloud-init[978]: ci-info: | enp0s3 | True |         10.0.2.15          | 255.255.255.0 |   .   | 02:df:35:49:a7:44 |
[   94.564762] cloud-init[978]: ci-info: | enp0s3 | True | fe80::df:35ff:fe49:a744/64 |       .       |  link | 02:df:35:49:a7:44 |
[   94.644565] cloud-init[978]: ci-info: +--------+------+----------------------------+---------------+-------+-------------------+
[   94.728360] cloud-init[978]: ci-info: +++++++++++++++++++++++++++Route IPv4 info++++++++++++++++++++++++++++
[   94.799354] cloud-init[978]: ci-info: +-------+-------------+----------+---------------+-----------+-------+
[   94.874898] cloud-init[978]: ci-info: | Route | Destination | Gateway  |    Genmask    | Interface | Flags |
[   94.949737] cloud-init[978]: ci-info: +-------+-------------+----------+---------------+-----------+-------+
[   95.022389] cloud-init[978]: ci-info: |   0   |   0.0.0.0   | 10.0.2.2 |    0.0.0.0    |   enp0s3  |   UG  |
[[   95.089032] cloud-init[0;32m  OK  [0m[978]: ci-info: |   1   |   10.0.2.0  | 0.0.0.0  | 255.255.255.0 |   enp0s3  |   U   |] 
Started ACPI Events Check.[   95.152485] cloud-init[978]: ci-info: +-------+-------------+----------+---------------+-----------+-------+

[[0;32m  OK  [0m] Reached target Paths.
[[0;32m  OK  [0m] Listening on D-Bus System Message Bus Socket.
[[0;32m  OK  [0m] Listening on UUID daemon activation socket.
[[0;32m  OK  [0m] Reached target Cloud-config availability.
[[0;32m  OK  [0m] Reached target Network is Online.
         Starting iSCSI initiator daemon (iscsid)...
[[0;32m  OK  [0m] Listening on LXD - unix socket.
[[0;32m  OK  [0m] Listening on Socket activation for snappy daemon.
[[0;32m  OK  [0m] Started iSCSI initiator daemon (iscsid).
         Starting Login to default iSCSI targets...
[[0;32m  OK  [0m] Reached target Sockets.
[[0;32m  OK  [0m] Reached target Basic System.
[[0;32m  OK  [0m] Started FUSE filesystem for LXC.
         Starting LSB: Record successful boot for GRUB...
[[0;32m  OK  [0m] Started An object/document-oriented database.
[[0;32m  OK  [0m] Started Deferred execution scheduler.
         Starting Accounts Service...
[[0;32m  OK  [0m] Started Unattended Upgrades Shutdown.
         Starting System Logging Service...
         Starting LSB: MD monitoring daemon...
[[0;32m  OK  [0m] Started ACPI event daemon.
[[0;32m  OK  [0m] Started Regular background program processing daemon.
[[0;32m  OK  [0m] Started Snappy daemon.
         Starting Auto import assertions from block devices...
         Starting Login Service...
         Starting OpenBSD Secure Shell server...
[[0;32m  OK  [0m] Started D-Bus System Message Bus.
         Starting Apply the settings specified in cloud-config...
         Starting /etc/rc.local Compatibility...
         Starting LXD - container startup/shutdown...
[[0;32m  OK  [0m] Started System Logging Service.
[[0;32m  OK  [0m] Started Auto import assertions from block devices.
[[0;32m  OK  [0m] Started /etc/rc.local Compatibility.
[[0;32m  OK  [0m] Started OpenBSD Secure Shell server.
[[0;32m  OK  [0m] Started Login to default iSCSI targets.
[[0;32m  OK  [0m] Started LSB: Record successful boot for GRUB.
[[0;32m  OK  [0m] Started Login Service.
[[0;32m  OK  [0m] Reached target Remote File Systems (Pre).
[[0;32m  OK  [0m] Reached target Remote File Systems.
         Starting LSB: VirtualBox Linux Additions...
         Starting LSB: Set the CPU Frequency Scaling governor to "ondemand"...
         Starting Permit User Sessions...
         Starting LSB: daemon to balance interrupts for SMP systems...
         Starting LSB: automatic crash report generation...
         Starting Authenticate and Authorize Users to Run Privileged Tasks...
[[0;32m  OK  [0m] Started LSB: MD monitoring daemon.
[[0;32m  OK  [0m] Started Permit User Sessions.
[[0;32m  OK  [0m] Started LSB: Set the CPU Frequency Scaling governor to "ondemand".
         Starting Terminate Plymouth Boot Screen...
         Starting Hold until boot process finishes up...
[[0;32m  OK  [0m] Started Terminate Plymouth Boot Screen.
[[0;32m  OK  [0m] Started Hold until boot process finishes up.
[[0;32m  OK  [0m] Started Authenticate and Authorize Users to Run Privileged Tasks.
[[0;32m  OK  [0m] Started LSB: daemon to balance interrupts for SMP systems.
[[0;32m  OK  [0m] Started LSB: automatic crash report generation.
[[0;32m  OK  [0m] Started Accounts Service.
[[0;32m  OK  [0m] Started Serial Getty on ttyS0.
[[0;32m  OK  [0m] Started Getty on tty1.
[[0;32m  OK  [0m] Reached target Login Prompts.
         Starting Set console scheme...
[[0;32m  OK  [0m] Started Set console scheme.
[[0;32m  OK  [0m] Started LSB: VirtualBox Linux Additions.
[[0;32m  OK  [0m] Started LXD - container startup/shutdown.
[[0;32m  OK  [0m] Reached target Multi-User System.
[[0;32m  OK  [0m] Reached target Graphical Interface.
         Starting Update UTMP about System Runlevel Changes...
[[0;32m  OK  [0m] Started Update UTMP about System Runlevel Changes.
[  103.532166] cloud-init[1094]: Cloud-init v. 0.7.9 running 'modules:config' at Thu, 27 Jul 2017 07:13:42 +0000. Up 103.05 seconds.
[[0;32m  OK  [0m] Started Apply the settings specified in cloud-config.
         Starting Execute cloud user/final scripts...

Ubuntu 16.04.2 LTS ubuntu-xenial ttyS0

ubuntu-xenial login: [  113.442088] cloud-init[1236]: Cloud-init v. 0.7.9 running 'modules:final' at Thu, 27 Jul 2017 07:13:44 +0000. Up 105.40 seconds.
[  113.582257] cloud-init[1236]: Cloud-init v. 0.7.9 finished at Thu, 27 Jul 2017 07:13:52 +0000. Datasource DataSourceNoCloud [seed=/dev/sdb][dsmode=net].  Up 113.39 seconds
